2018-02-11 21:55:48.931  INFO 23228 --- [main] c.s.guns.rest.GunsRestApplication        : Starting GunsRestApplication on Lenovo-PC with PID 23228 (D:\Java\IdeaProjects\ForGraduation\guns\guns-rest\target\classes started by lenovo in D:\Java\IdeaProjects\ForGraduation\guns\guns-parent)
2018-02-11 21:55:48.987 DEBUG 23228 --- [main] c.s.guns.rest.GunsRestApplication        : Running with Spring Boot v1.5.9.RELEASE, Spring v4.3.13.RELEASE
2018-02-11 21:55:48.988  INFO 23228 --- [main] c.s.guns.rest.GunsRestApplication        : No active profile set, falling back to default profiles: default
2018-02-11 21:55:50.000  INFO 23228 --- [main] ationConfigEmbeddedWebApplicationContext : Refreshing org.springframework.boot.context.embedded.AnnotationConfigEmbeddedWebApplicationContext@dbf57b3: startup date [Sun Feb 11 21:55:49 CST 2018]; root of context hierarchy
2018-02-11 21:55:56.383  INFO 23228 --- [main] s.b.c.e.t.TomcatEmbeddedServletContainer : Tomcat initialized with port(s): 80 (http)
2018-02-11 21:55:56.431  INFO 23228 --- [main] o.apache.catalina.core.StandardService   : Starting service [Tomcat]
2018-02-11 21:55:56.432  INFO 23228 --- [main] org.apache.catalina.core.StandardEngine  : Starting Servlet Engine: Apache Tomcat/8.5.23
2018-02-11 21:55:56.708  INFO 23228 --- [localhost-startStop-1] o.a.c.c.C.[Tomcat].[localhost].[/]       : Initializing Spring embedded WebApplicationContext
2018-02-11 21:55:56.708  INFO 23228 --- [localhost-startStop-1] o.s.web.context.ContextLoader            : Root WebApplicationContext: initialization completed in 6873 ms
2018-02-11 21:55:57.012  INFO 23228 --- [localhost-startStop-1] o.s.b.w.servlet.ServletRegistrationBean  : Mapping servlet: 'dispatcherServlet' to [/]
2018-02-11 21:55:57.015  INFO 23228 --- [localhost-startStop-1] o.s.b.w.servlet.FilterRegistrationBean   : Mapping filter: 'characterEncodingFilter' to: [/*]
2018-02-11 21:55:57.015  INFO 23228 --- [localhost-startStop-1] o.s.b.w.servlet.FilterRegistrationBean   : Mapping filter: 'hiddenHttpMethodFilter' to: [/*]
2018-02-11 21:55:57.015  INFO 23228 --- [localhost-startStop-1] o.s.b.w.servlet.FilterRegistrationBean   : Mapping filter: 'httpPutFormContentFilter' to: [/*]
2018-02-11 21:55:57.016  INFO 23228 --- [localhost-startStop-1] o.s.b.w.servlet.FilterRegistrationBean   : Mapping filter: 'requestContextFilter' to: [/*]
2018-02-11 21:55:57.016  INFO 23228 --- [localhost-startStop-1] o.s.b.w.servlet.FilterRegistrationBean   : Mapping filter: 'jwtAuthenticationTokenFilter' to: [/*]
2018-02-11 21:55:57.108 DEBUG 23228 --- [localhost-startStop-1] c.s.g.r.modular.auth.filter.AuthFilter   : Initializing filter 'jwtAuthenticationTokenFilter'
2018-02-11 21:55:57.108 DEBUG 23228 --- [localhost-startStop-1] c.s.g.r.modular.auth.filter.AuthFilter   : Filter 'jwtAuthenticationTokenFilter' configured successfully
2018-02-11 21:56:01.739 ERROR 23228 --- [main] o.a.tomcat.jdbc.pool.ConnectionPool      : Unable to create initial connections of pool.

com.mysql.jdbc.exceptions.jdbc4.MySQLNonTransientConnectionException: Could not create connection to database server. Attempted reconnect 3 times. Giving up.
	at sun.reflect.NativeConstructorAccessorImpl.newInstance0(Native Method) ~[na:1.8.0_121]
	at sun.reflect.NativeConstructorAccessorImpl.newInstance(NativeConstructorAccessorImpl.java:62) ~[na:1.8.0_121]
	at sun.reflect.DelegatingConstructorAccessorImpl.newInstance(DelegatingConstructorAccessorImpl.java:45) ~[na:1.8.0_121]
	at java.lang.reflect.Constructor.newInstance(Constructor.java:423) ~[na:1.8.0_121]
	at com.mysql.jdbc.Util.handleNewInstance(Util.java:425) ~[mysql-connector-java-5.1.42-bin.jar:5.1.42]
	at com.mysql.jdbc.Util.getInstance(Util.java:408) ~[mysql-connector-java-5.1.42-bin.jar:5.1.42]
	at com.mysql.jdbc.SQLError.createSQLException(SQLError.java:918) ~[mysql-connector-java-5.1.42-bin.jar:5.1.42]
	at com.mysql.jdbc.SQLError.createSQLException(SQLError.java:897) ~[mysql-connector-java-5.1.42-bin.jar:5.1.42]
	at com.mysql.jdbc.SQLError.createSQLException(SQLError.java:886) ~[mysql-connector-java-5.1.42-bin.jar:5.1.42]
	at com.mysql.jdbc.SQLError.createSQLException(SQLError.java:860) ~[mysql-connector-java-5.1.42-bin.jar:5.1.42]
	at com.mysql.jdbc.ConnectionImpl.connectWithRetries(ConnectionImpl.java:2104) ~[mysql-connector-java-5.1.42-bin.jar:5.1.42]
	at com.mysql.jdbc.ConnectionImpl.createNewIO(ConnectionImpl.java:2029) ~[mysql-connector-java-5.1.42-bin.jar:5.1.42]
	at com.mysql.jdbc.ConnectionImpl.<init>(ConnectionImpl.java:779) ~[mysql-connector-java-5.1.42-bin.jar:5.1.42]
	at com.mysql.jdbc.JDBC4Connection.<init>(JDBC4Connection.java:47) ~[mysql-connector-java-5.1.42-bin.jar:5.1.42]
	at sun.reflect.NativeConstructorAccessorImpl.newInstance0(Native Method) ~[na:1.8.0_121]
	at sun.reflect.NativeConstructorAccessorImpl.newInstance(NativeConstructorAccessorImpl.java:62) ~[na:1.8.0_121]
	at sun.reflect.DelegatingConstructorAccessorImpl.newInstance(DelegatingConstructorAccessorImpl.java:45) ~[na:1.8.0_121]
	at java.lang.reflect.Constructor.newInstance(Constructor.java:423) ~[na:1.8.0_121]
	at com.mysql.jdbc.Util.handleNewInstance(Util.java:425) ~[mysql-connector-java-5.1.42-bin.jar:5.1.42]
	at com.mysql.jdbc.ConnectionImpl.getInstance(ConnectionImpl.java:389) ~[mysql-connector-java-5.1.42-bin.jar:5.1.42]
	at com.mysql.jdbc.NonRegisteringDriver.connect(NonRegisteringDriver.java:330) ~[mysql-connector-java-5.1.42-bin.jar:5.1.42]
	at org.apache.tomcat.jdbc.pool.PooledConnection.connectUsingDriver(PooledConnection.java:310) ~[tomcat-jdbc-8.5.23.jar:na]
	at org.apache.tomcat.jdbc.pool.PooledConnection.connect(PooledConnection.java:203) ~[tomcat-jdbc-8.5.23.jar:na]
	at org.apache.tomcat.jdbc.pool.ConnectionPool.createConnection(ConnectionPool.java:735) [tomcat-jdbc-8.5.23.jar:na]
	at org.apache.tomcat.jdbc.pool.ConnectionPool.borrowConnection(ConnectionPool.java:667) [tomcat-jdbc-8.5.23.jar:na]
	at org.apache.tomcat.jdbc.pool.ConnectionPool.init(ConnectionPool.java:482) [tomcat-jdbc-8.5.23.jar:na]
	at org.apache.tomcat.jdbc.pool.ConnectionPool.<init>(ConnectionPool.java:154) [tomcat-jdbc-8.5.23.jar:na]
	at org.apache.tomcat.jdbc.pool.DataSourceProxy.pCreatePool(DataSourceProxy.java:118) [tomcat-jdbc-8.5.23.jar:na]
	at org.apache.tomcat.jdbc.pool.DataSourceProxy.createPool(DataSourceProxy.java:107) [tomcat-jdbc-8.5.23.jar:na]
	at org.apache.tomcat.jdbc.pool.DataSourceProxy.getConnection(DataSourceProxy.java:131) [tomcat-jdbc-8.5.23.jar:na]
	at com.baomidou.mybatisplus.toolkit.GlobalConfigUtils.setMetaData(GlobalConfigUtils.java:187) [mybatis-plus-support-2.1.8.jar:na]
	at com.baomidou.mybatisplus.spring.MybatisSqlSessionFactoryBean.buildSqlSessionFactory(MybatisSqlSessionFactoryBean.java:560) [mybatis-plus-core-2.1.8.jar:na]
	at com.baomidou.mybatisplus.spring.MybatisSqlSessionFactoryBean.afterPropertiesSet(MybatisSqlSessionFactoryBean.java:385) [mybatis-plus-core-2.1.8.jar:na]
	at com.baomidou.mybatisplus.spring.MybatisSqlSessionFactoryBean.getObject(MybatisSqlSessionFactoryBean.java:608) [mybatis-plus-core-2.1.8.jar:na]
	at com.baomidou.mybatisplus.spring.boot.starter.MybatisPlusAutoConfiguration.sqlSessionFactory(MybatisPlusAutoConfiguration.java:147) [mybatisplus-spring-boot-starter-1.0.5.jar:na]
	at com.baomidou.mybatisplus.spring.boot.starter.MybatisPlusAutoConfiguration$$EnhancerBySpringCGLIB$$481e2ab7.CGLIB$sqlSessionFactory$1(<generated>) [mybatisplus-spring-boot-starter-1.0.5.jar:na]
	at com.baomidou.mybatisplus.spring.boot.starter.MybatisPlusAutoConfiguration$$EnhancerBySpringCGLIB$$481e2ab7$$FastClassBySpringCGLIB$$ffbac9dd.invoke(<generated>) [mybatisplus-spring-boot-starter-1.0.5.jar:na]
	at org.springframework.cglib.proxy.MethodProxy.invokeSuper(MethodProxy.java:228) [spring-core-4.3.13.RELEASE.jar:4.3.13.RELEASE]
	at org.springframework.context.annotation.ConfigurationClassEnhancer$BeanMethodInterceptor.intercept(ConfigurationClassEnhancer.java:358) [spring-context-4.3.13.RELEASE.jar:4.3.13.RELEASE]
	at com.baomidou.mybatisplus.spring.boot.starter.MybatisPlusAutoConfiguration$$EnhancerBySpringCGLIB$$481e2ab7.sqlSessionFactory(<generated>) [mybatisplus-spring-boot-starter-1.0.5.jar:na]
	at sun.reflect.NativeMethodAccessorImpl.invoke0(Native Method) ~[na:1.8.0_121]
	at sun.reflect.NativeMethodAccessorImpl.invoke(NativeMethodAccessorImpl.java:62) ~[na:1.8.0_121]
	at sun.reflect.DelegatingMethodAccessorImpl.invoke(DelegatingMethodAccessorImpl.java:43) ~[na:1.8.0_121]
	at java.lang.reflect.Method.invoke(Method.java:498) ~[na:1.8.0_121]
	at org.springframework.beans.factory.support.SimpleInstantiationStrategy.instantiate(SimpleInstantiationStrategy.java:162) [spring-beans-4.3.13.RELEASE.jar:4.3.13.RELEASE]
	at org.springframework.beans.factory.support.ConstructorResolver.instantiateUsingFactoryMethod(ConstructorResolver.java:588) [spring-beans-4.3.13.RELEASE.jar:4.3.13.RELEASE]
	at org.springframework.beans.factory.support.AbstractAutowireCapableBeanFactory.instantiateUsingFactoryMethod(AbstractAutowireCapableBeanFactory.java:1173) [spring-beans-4.3.13.RELEASE.jar:4.3.13.RELEASE]
	at org.springframework.beans.factory.support.AbstractAutowireCapableBeanFactory.createBeanInstance(AbstractAutowireCapableBeanFactory.java:1067) [spring-beans-4.3.13.RELEASE.jar:4.3.13.RELEASE]
	at org.springframework.beans.factory.support.AbstractAutowireCapableBeanFactory.doCreateBean(AbstractAutowireCapableBeanFactory.java:513) [spring-beans-4.3.13.RELEASE.jar:4.3.13.RELEASE]
	at org.springframework.beans.factory.support.AbstractAutowireCapableBeanFactory.createBean(AbstractAutowireCapableBeanFactory.java:483) [spring-beans-4.3.13.RELEASE.jar:4.3.13.RELEASE]
	at org.springframework.beans.factory.support.AbstractBeanFactory$1.getObject(AbstractBeanFactory.java:306) [spring-beans-4.3.13.RELEASE.jar:4.3.13.RELEASE]
	at org.springframework.beans.factory.support.DefaultSingletonBeanRegistry.getSingleton(DefaultSingletonBeanRegistry.java:230) [spring-beans-4.3.13.RELEASE.jar:4.3.13.RELEASE]
	at org.springframework.beans.factory.support.AbstractBeanFactory.doGetBean(AbstractBeanFactory.java:302) [spring-beans-4.3.13.RELEASE.jar:4.3.13.RELEASE]
	at org.springframework.beans.factory.support.AbstractBeanFactory.getBean(AbstractBeanFactory.java:202) [spring-beans-4.3.13.RELEASE.jar:4.3.13.RELEASE]
	at org.springframework.beans.factory.config.DependencyDescriptor.resolveCandidate(DependencyDescriptor.java:208) [spring-beans-4.3.13.RELEASE.jar:4.3.13.RELEASE]
	at org.springframework.beans.factory.support.DefaultListableBeanFactory.doResolveDependency(DefaultListableBeanFactory.java:1138) [spring-beans-4.3.13.RELEASE.jar:4.3.13.RELEASE]
	at org.springframework.beans.factory.support.DefaultListableBeanFactory.resolveDependency(DefaultListableBeanFactory.java:1066) [spring-beans-4.3.13.RELEASE.jar:4.3.13.RELEASE]
	at org.springframework.beans.factory.support.AbstractAutowireCapableBeanFactory.autowireByType(AbstractAutowireCapableBeanFactory.java:1342) [spring-beans-4.3.13.RELEASE.jar:4.3.13.RELEASE]
	at org.springframework.beans.factory.support.AbstractAutowireCapableBeanFactory.populateBean(AbstractAutowireCapableBeanFactory.java:1249) [spring-beans-4.3.13.RELEASE.jar:4.3.13.RELEASE]
	at org.springframework.beans.factory.support.AbstractAutowireCapableBeanFactory.doCreateBean(AbstractAutowireCapableBeanFactory.java:553) [spring-beans-4.3.13.RELEASE.jar:4.3.13.RELEASE]
	at org.springframework.beans.factory.support.AbstractAutowireCapableBeanFactory.createBean(AbstractAutowireCapableBeanFactory.java:483) [spring-beans-4.3.13.RELEASE.jar:4.3.13.RELEASE]
	at org.springframework.beans.factory.support.AbstractBeanFactory$1.getObject(AbstractBeanFactory.java:306) [spring-beans-4.3.13.RELEASE.jar:4.3.13.RELEASE]
	at org.springframework.beans.factory.support.DefaultSingletonBeanRegistry.getSingleton(DefaultSingletonBeanRegistry.java:230) [spring-beans-4.3.13.RELEASE.jar:4.3.13.RELEASE]
	at org.springframework.beans.factory.support.AbstractBeanFactory.doGetBean(AbstractBeanFactory.java:302) [spring-beans-4.3.13.RELEASE.jar:4.3.13.RELEASE]
	at org.springframework.beans.factory.support.AbstractBeanFactory.getBean(AbstractBeanFactory.java:202) [spring-beans-4.3.13.RELEASE.jar:4.3.13.RELEASE]
	at org.springframework.beans.factory.config.DependencyDescriptor.resolveCandidate(DependencyDescriptor.java:208) [spring-beans-4.3.13.RELEASE.jar:4.3.13.RELEASE]
	at org.springframework.beans.factory.support.DefaultListableBeanFactory.doResolveDependency(DefaultListableBeanFactory.java:1138) [spring-beans-4.3.13.RELEASE.jar:4.3.13.RELEASE]
	at org.springframework.beans.factory.support.DefaultListableBeanFactory.resolveDependency(DefaultListableBeanFactory.java:1066) [spring-beans-4.3.13.RELEASE.jar:4.3.13.RELEASE]
	at org.springframework.beans.factory.annotation.AutowiredAnnotationBeanPostProcessor$AutowiredFieldElement.inject(AutowiredAnnotationBeanPostProcessor.java:585) [spring-beans-4.3.13.RELEASE.jar:4.3.13.RELEASE]
	at org.springframework.beans.factory.annotation.InjectionMetadata.inject(InjectionMetadata.java:88) [spring-beans-4.3.13.RELEASE.jar:4.3.13.RELEASE]
	at org.springframework.beans.factory.annotation.AutowiredAnnotationBeanPostProcessor.postProcessPropertyValues(AutowiredAnnotationBeanPostProcessor.java:366) [spring-beans-4.3.13.RELEASE.jar:4.3.13.RELEASE]
	at org.springframework.beans.factory.support.AbstractAutowireCapableBeanFactory.populateBean(AbstractAutowireCapableBeanFactory.java:1264) [spring-beans-4.3.13.RELEASE.jar:4.3.13.RELEASE]
	at org.springframework.beans.factory.support.AbstractAutowireCapableBeanFactory.doCreateBean(AbstractAutowireCapableBeanFactory.java:553) [spring-beans-4.3.13.RELEASE.jar:4.3.13.RELEASE]
	at org.springframework.beans.factory.support.AbstractAutowireCapableBeanFactory.createBean(AbstractAutowireCapableBeanFactory.java:483) [spring-beans-4.3.13.RELEASE.jar:4.3.13.RELEASE]
	at org.springframework.beans.factory.support.AbstractBeanFactory$1.getObject(AbstractBeanFactory.java:306) [spring-beans-4.3.13.RELEASE.jar:4.3.13.RELEASE]
	at org.springframework.beans.factory.support.DefaultSingletonBeanRegistry.getSingleton(DefaultSingletonBeanRegistry.java:230) [spring-beans-4.3.13.RELEASE.jar:4.3.13.RELEASE]
	at org.springframework.beans.factory.support.AbstractBeanFactory.doGetBean(AbstractBeanFactory.java:302) [spring-beans-4.3.13.RELEASE.jar:4.3.13.RELEASE]
	at org.springframework.beans.factory.support.AbstractBeanFactory.getBean(AbstractBeanFactory.java:197) [spring-beans-4.3.13.RELEASE.jar:4.3.13.RELEASE]
	at org.springframework.beans.factory.support.DefaultListableBeanFactory.preInstantiateSingletons(DefaultListableBeanFactory.java:761) [spring-beans-4.3.13.RELEASE.jar:4.3.13.RELEASE]
	at org.springframework.context.support.AbstractApplicationContext.finishBeanFactoryInitialization(AbstractApplicationContext.java:867) [spring-context-4.3.13.RELEASE.jar:4.3.13.RELEASE]
	at org.springframework.context.support.AbstractApplicationContext.refresh(AbstractApplicationContext.java:543) [spring-context-4.3.13.RELEASE.jar:4.3.13.RELEASE]
	at org.springframework.boot.context.embedded.EmbeddedWebApplicationContext.refresh(EmbeddedWebApplicationContext.java:122) [spring-boot-1.5.9.RELEASE.jar:1.5.9.RELEASE]
	at org.springframework.boot.SpringApplication.refresh(SpringApplication.java:693) [spring-boot-1.5.9.RELEASE.jar:1.5.9.RELEASE]
	at org.springframework.boot.SpringApplication.refreshContext(SpringApplication.java:360) [spring-boot-1.5.9.RELEASE.jar:1.5.9.RELEASE]
	at org.springframework.boot.SpringApplication.run(SpringApplication.java:303) [spring-boot-1.5.9.RELEASE.jar:1.5.9.RELEASE]
	at org.springframework.boot.SpringApplication.run(SpringApplication.java:1118) [spring-boot-1.5.9.RELEASE.jar:1.5.9.RELEASE]
	at org.springframework.boot.SpringApplication.run(SpringApplication.java:1107) [spring-boot-1.5.9.RELEASE.jar:1.5.9.RELEASE]
	at com.stylefeng.guns.rest.GunsRestApplication.main(GunsRestApplication.java:10) [classes/:na]
Caused by: java.sql.SQLException: Access denied for user 'root'@'localhost' (using password: YES)
	at com.mysql.jdbc.SQLError.createSQLException(SQLError.java:964) ~[mysql-connector-java-5.1.42-bin.jar:5.1.42]
	at com.mysql.jdbc.MysqlIO.checkErrorPacket(MysqlIO.java:3973) ~[mysql-connector-java-5.1.42-bin.jar:5.1.42]
	at com.mysql.jdbc.MysqlIO.checkErrorPacket(MysqlIO.java:3909) ~[mysql-connector-java-5.1.42-bin.jar:5.1.42]
	at com.mysql.jdbc.MysqlIO.checkErrorPacket(MysqlIO.java:873) ~[mysql-connector-java-5.1.42-bin.jar:5.1.42]
	at com.mysql.jdbc.MysqlIO.proceedHandshakeWithPluggableAuthentication(MysqlIO.java:1710) ~[mysql-connector-java-5.1.42-bin.jar:5.1.42]
	at com.mysql.jdbc.MysqlIO.doHandshake(MysqlIO.java:1226) ~[mysql-connector-java-5.1.42-bin.jar:5.1.42]
	at com.mysql.jdbc.ConnectionImpl.coreConnect(ConnectionImpl.java:2194) ~[mysql-connector-java-5.1.42-bin.jar:5.1.42]
	at com.mysql.jdbc.ConnectionImpl.connectWithRetries(ConnectionImpl.java:2045) ~[mysql-connector-java-5.1.42-bin.jar:5.1.42]
	... 77 common frames omitted

2018-02-11 21:56:01.746  WARN 23228 --- [main] ationConfigEmbeddedWebApplicationContext : Exception encountered during context initialization - cancelling refresh attempt: org.springframework.beans.factory.UnsatisfiedDependencyException: Error creating bean with name 'dbValidator': Unsatisfied dependency expressed through field 'userMapper'; nested exception is org.springframework.beans.factory.UnsatisfiedDependencyException: Error creating bean with name 'userMapper' defined in file [D:\Java\IdeaProjects\ForGraduation\guns\guns-rest\target\classes\com\stylefeng\guns\rest\common\persistence\dao\UserMapper.class]: Unsatisfied dependency expressed through bean property 'sqlSessionFactory'; nested exception is org.springframework.beans.factory.BeanCreationException: Error creating bean with name 'sqlSessionFactory' defined in class path resource [com/baomidou/mybatisplus/spring/boot/starter/MybatisPlusAutoConfiguration.class]: Bean instantiation via factory method failed; nested exception is org.springframework.beans.BeanInstantiationException: Failed to instantiate [org.apache.ibatis.session.SqlSessionFactory]: Factory method 'sqlSessionFactory' threw exception; nested exception is com.baomidou.mybatisplus.exceptions.MybatisPlusException: Error: GlobalConfigUtils setMetaData Fail !  Cause:com.mysql.jdbc.exceptions.jdbc4.MySQLNonTransientConnectionException: Could not create connection to database server. Attempted reconnect 3 times. Giving up.
2018-02-11 21:56:01.750  INFO 23228 --- [main] o.apache.catalina.core.StandardService   : Stopping service [Tomcat]
2018-02-11 21:56:01.791  INFO 23228 --- [main] utoConfigurationReportLoggingInitializer : 

Error starting ApplicationContext. To display the auto-configuration report re-run your application with 'debug' enabled.
2018-02-11 21:56:01.796 ERROR 23228 --- [main] o.s.boot.SpringApplication               : Application startup failed

org.springframework.beans.factory.UnsatisfiedDependencyException: Error creating bean with name 'dbValidator': Unsatisfied dependency expressed through field 'userMapper'; nested exception is org.springframework.beans.factory.UnsatisfiedDependencyException: Error creating bean with name 'userMapper' defined in file [D:\Java\IdeaProjects\ForGraduation\guns\guns-rest\target\classes\com\stylefeng\guns\rest\common\persistence\dao\UserMapper.class]: Unsatisfied dependency expressed through bean property 'sqlSessionFactory'; nested exception is org.springframework.beans.factory.BeanCreationException: Error creating bean with name 'sqlSessionFactory' defined in class path resource [com/baomidou/mybatisplus/spring/boot/starter/MybatisPlusAutoConfiguration.class]: Bean instantiation via factory method failed; nested exception is org.springframework.beans.BeanInstantiationException: Failed to instantiate [org.apache.ibatis.session.SqlSessionFactory]: Factory method 'sqlSessionFactory' threw exception; nested exception is com.baomidou.mybatisplus.exceptions.MybatisPlusException: Error: GlobalConfigUtils setMetaData Fail !  Cause:com.mysql.jdbc.exceptions.jdbc4.MySQLNonTransientConnectionException: Could not create connection to database server. Attempted reconnect 3 times. Giving up.
	at org.springframework.beans.factory.annotation.AutowiredAnnotationBeanPostProcessor$AutowiredFieldElement.inject(AutowiredAnnotationBeanPostProcessor.java:588) ~[spring-beans-4.3.13.RELEASE.jar:4.3.13.RELEASE]
	at org.springframework.beans.factory.annotation.InjectionMetadata.inject(InjectionMetadata.java:88) ~[spring-beans-4.3.13.RELEASE.jar:4.3.13.RELEASE]
	at org.springframework.beans.factory.annotation.AutowiredAnnotationBeanPostProcessor.postProcessPropertyValues(AutowiredAnnotationBeanPostProcessor.java:366) ~[spring-beans-4.3.13.RELEASE.jar:4.3.13.RELEASE]
	at org.springframework.beans.factory.support.AbstractAutowireCapableBeanFactory.populateBean(AbstractAutowireCapableBeanFactory.java:1264) ~[spring-beans-4.3.13.RELEASE.jar:4.3.13.RELEASE]
	at org.springframework.beans.factory.support.AbstractAutowireCapableBeanFactory.doCreateBean(AbstractAutowireCapableBeanFactory.java:553) ~[spring-beans-4.3.13.RELEASE.jar:4.3.13.RELEASE]
	at org.springframework.beans.factory.support.AbstractAutowireCapableBeanFactory.createBean(AbstractAutowireCapableBeanFactory.java:483) ~[spring-beans-4.3.13.RELEASE.jar:4.3.13.RELEASE]
	at org.springframework.beans.factory.support.AbstractBeanFactory$1.getObject(AbstractBeanFactory.java:306) ~[spring-beans-4.3.13.RELEASE.jar:4.3.13.RELEASE]
	at org.springframework.beans.factory.support.DefaultSingletonBeanRegistry.getSingleton(DefaultSingletonBeanRegistry.java:230) ~[spring-beans-4.3.13.RELEASE.jar:4.3.13.RELEASE]
	at org.springframework.beans.factory.support.AbstractBeanFactory.doGetBean(AbstractBeanFactory.java:302) ~[spring-beans-4.3.13.RELEASE.jar:4.3.13.RELEASE]
	at org.springframework.beans.factory.support.AbstractBeanFactory.getBean(AbstractBeanFactory.java:197) ~[spring-beans-4.3.13.RELEASE.jar:4.3.13.RELEASE]
	at org.springframework.beans.factory.support.DefaultListableBeanFactory.preInstantiateSingletons(DefaultListableBeanFactory.java:761) ~[spring-beans-4.3.13.RELEASE.jar:4.3.13.RELEASE]
	at org.springframework.context.support.AbstractApplicationContext.finishBeanFactoryInitialization(AbstractApplicationContext.java:867) ~[spring-context-4.3.13.RELEASE.jar:4.3.13.RELEASE]
	at org.springframework.context.support.AbstractApplicationContext.refresh(AbstractApplicationContext.java:543) ~[spring-context-4.3.13.RELEASE.jar:4.3.13.RELEASE]
	at org.springframework.boot.context.embedded.EmbeddedWebApplicationContext.refresh(EmbeddedWebApplicationContext.java:122) ~[spring-boot-1.5.9.RELEASE.jar:1.5.9.RELEASE]
	at org.springframework.boot.SpringApplication.refresh(SpringApplication.java:693) [spring-boot-1.5.9.RELEASE.jar:1.5.9.RELEASE]
	at org.springframework.boot.SpringApplication.refreshContext(SpringApplication.java:360) [spring-boot-1.5.9.RELEASE.jar:1.5.9.RELEASE]
	at org.springframework.boot.SpringApplication.run(SpringApplication.java:303) [spring-boot-1.5.9.RELEASE.jar:1.5.9.RELEASE]
	at org.springframework.boot.SpringApplication.run(SpringApplication.java:1118) [spring-boot-1.5.9.RELEASE.jar:1.5.9.RELEASE]
	at org.springframework.boot.SpringApplication.run(SpringApplication.java:1107) [spring-boot-1.5.9.RELEASE.jar:1.5.9.RELEASE]
	at com.stylefeng.guns.rest.GunsRestApplication.main(GunsRestApplication.java:10) [classes/:na]
Caused by: org.springframework.beans.factory.UnsatisfiedDependencyException: Error creating bean with name 'userMapper' defined in file [D:\Java\IdeaProjects\ForGraduation\guns\guns-rest\target\classes\com\stylefeng\guns\rest\common\persistence\dao\UserMapper.class]: Unsatisfied dependency expressed through bean property 'sqlSessionFactory'; nested exception is org.springframework.beans.factory.BeanCreationException: Error creating bean with name 'sqlSessionFactory' defined in class path resource [com/baomidou/mybatisplus/spring/boot/starter/MybatisPlusAutoConfiguration.class]: Bean instantiation via factory method failed; nested exception is org.springframework.beans.BeanInstantiationException: Failed to instantiate [org.apache.ibatis.session.SqlSessionFactory]: Factory method 'sqlSessionFactory' threw exception; nested exception is com.baomidou.mybatisplus.exceptions.MybatisPlusException: Error: GlobalConfigUtils setMetaData Fail !  Cause:com.mysql.jdbc.exceptions.jdbc4.MySQLNonTransientConnectionException: Could not create connection to database server. Attempted reconnect 3 times. Giving up.
	at org.springframework.beans.factory.support.AbstractAutowireCapableBeanFactory.autowireByType(AbstractAutowireCapableBeanFactory.java:1357) ~[spring-beans-4.3.13.RELEASE.jar:4.3.13.RELEASE]
	at org.springframework.beans.factory.support.AbstractAutowireCapableBeanFactory.populateBean(AbstractAutowireCapableBeanFactory.java:1249) ~[spring-beans-4.3.13.RELEASE.jar:4.3.13.RELEASE]
	at org.springframework.beans.factory.support.AbstractAutowireCapableBeanFactory.doCreateBean(AbstractAutowireCapableBeanFactory.java:553) ~[spring-beans-4.3.13.RELEASE.jar:4.3.13.RELEASE]
	at org.springframework.beans.factory.support.AbstractAutowireCapableBeanFactory.createBean(AbstractAutowireCapableBeanFactory.java:483) ~[spring-beans-4.3.13.RELEASE.jar:4.3.13.RELEASE]
	at org.springframework.beans.factory.support.AbstractBeanFactory$1.getObject(AbstractBeanFactory.java:306) ~[spring-beans-4.3.13.RELEASE.jar:4.3.13.RELEASE]
	at org.springframework.beans.factory.support.DefaultSingletonBeanRegistry.getSingleton(DefaultSingletonBeanRegistry.java:230) ~[spring-beans-4.3.13.RELEASE.jar:4.3.13.RELEASE]
	at org.springframework.beans.factory.support.AbstractBeanFactory.doGetBean(AbstractBeanFactory.java:302) ~[spring-beans-4.3.13.RELEASE.jar:4.3.13.RELEASE]
	at org.springframework.beans.factory.support.AbstractBeanFactory.getBean(AbstractBeanFactory.java:202) ~[spring-beans-4.3.13.RELEASE.jar:4.3.13.RELEASE]
	at org.springframework.beans.factory.config.DependencyDescriptor.resolveCandidate(DependencyDescriptor.java:208) ~[spring-beans-4.3.13.RELEASE.jar:4.3.13.RELEASE]
	at org.springframework.beans.factory.support.DefaultListableBeanFactory.doResolveDependency(DefaultListableBeanFactory.java:1138) ~[spring-beans-4.3.13.RELEASE.jar:4.3.13.RELEASE]
	at org.springframework.beans.factory.support.DefaultListableBeanFactory.resolveDependency(DefaultListableBeanFactory.java:1066) ~[spring-beans-4.3.13.RELEASE.jar:4.3.13.RELEASE]
	at org.springframework.beans.factory.annotation.AutowiredAnnotationBeanPostProcessor$AutowiredFieldElement.inject(AutowiredAnnotationBeanPostProcessor.java:585) ~[spring-beans-4.3.13.RELEASE.jar:4.3.13.RELEASE]
	... 19 common frames omitted
Caused by: org.springframework.beans.factory.BeanCreationException: Error creating bean with name 'sqlSessionFactory' defined in class path resource [com/baomidou/mybatisplus/spring/boot/starter/MybatisPlusAutoConfiguration.class]: Bean instantiation via factory method failed; nested exception is org.springframework.beans.BeanInstantiationException: Failed to instantiate [org.apache.ibatis.session.SqlSessionFactory]: Factory method 'sqlSessionFactory' threw exception; nested exception is com.baomidou.mybatisplus.exceptions.MybatisPlusException: Error: GlobalConfigUtils setMetaData Fail !  Cause:com.mysql.jdbc.exceptions.jdbc4.MySQLNonTransientConnectionException: Could not create connection to database server. Attempted reconnect 3 times. Giving up.
	at org.springframework.beans.factory.support.ConstructorResolver.instantiateUsingFactoryMethod(ConstructorResolver.java:599) ~[spring-beans-4.3.13.RELEASE.jar:4.3.13.RELEASE]
	at org.springframework.beans.factory.support.AbstractAutowireCapableBeanFactory.instantiateUsingFactoryMethod(AbstractAutowireCapableBeanFactory.java:1173) ~[spring-beans-4.3.13.RELEASE.jar:4.3.13.RELEASE]
	at org.springframework.beans.factory.support.AbstractAutowireCapableBeanFactory.createBeanInstance(AbstractAutowireCapableBeanFactory.java:1067) ~[spring-beans-4.3.13.RELEASE.jar:4.3.13.RELEASE]
	at org.springframework.beans.factory.support.AbstractAutowireCapableBeanFactory.doCreateBean(AbstractAutowireCapableBeanFactory.java:513) ~[spring-beans-4.3.13.RELEASE.jar:4.3.13.RELEASE]
	at org.springframework.beans.factory.support.AbstractAutowireCapableBeanFactory.createBean(AbstractAutowireCapableBeanFactory.java:483) ~[spring-beans-4.3.13.RELEASE.jar:4.3.13.RELEASE]
	at org.springframework.beans.factory.support.AbstractBeanFactory$1.getObject(AbstractBeanFactory.java:306) ~[spring-beans-4.3.13.RELEASE.jar:4.3.13.RELEASE]
	at org.springframework.beans.factory.support.DefaultSingletonBeanRegistry.getSingleton(DefaultSingletonBeanRegistry.java:230) ~[spring-beans-4.3.13.RELEASE.jar:4.3.13.RELEASE]
	at org.springframework.beans.factory.support.AbstractBeanFactory.doGetBean(AbstractBeanFactory.java:302) ~[spring-beans-4.3.13.RELEASE.jar:4.3.13.RELEASE]
	at org.springframework.beans.factory.support.AbstractBeanFactory.getBean(AbstractBeanFactory.java:202) ~[spring-beans-4.3.13.RELEASE.jar:4.3.13.RELEASE]
	at org.springframework.beans.factory.config.DependencyDescriptor.resolveCandidate(DependencyDescriptor.java:208) ~[spring-beans-4.3.13.RELEASE.jar:4.3.13.RELEASE]
	at org.springframework.beans.factory.support.DefaultListableBeanFactory.doResolveDependency(DefaultListableBeanFactory.java:1138) ~[spring-beans-4.3.13.RELEASE.jar:4.3.13.RELEASE]
	at org.springframework.beans.factory.support.DefaultListableBeanFactory.resolveDependency(DefaultListableBeanFactory.java:1066) ~[spring-beans-4.3.13.RELEASE.jar:4.3.13.RELEASE]
	at org.springframework.beans.factory.support.AbstractAutowireCapableBeanFactory.autowireByType(AbstractAutowireCapableBeanFactory.java:1342) ~[spring-beans-4.3.13.RELEASE.jar:4.3.13.RELEASE]
	... 30 common frames omitted
Caused by: org.springframework.beans.BeanInstantiationException: Failed to instantiate [org.apache.ibatis.session.SqlSessionFactory]: Factory method 'sqlSessionFactory' threw exception; nested exception is com.baomidou.mybatisplus.exceptions.MybatisPlusException: Error: GlobalConfigUtils setMetaData Fail !  Cause:com.mysql.jdbc.exceptions.jdbc4.MySQLNonTransientConnectionException: Could not create connection to database server. Attempted reconnect 3 times. Giving up.
	at org.springframework.beans.factory.support.SimpleInstantiationStrategy.instantiate(SimpleInstantiationStrategy.java:189) ~[spring-beans-4.3.13.RELEASE.jar:4.3.13.RELEASE]
	at org.springframework.beans.factory.support.ConstructorResolver.instantiateUsingFactoryMethod(ConstructorResolver.java:588) ~[spring-beans-4.3.13.RELEASE.jar:4.3.13.RELEASE]
	... 42 common frames omitted
Caused by: com.baomidou.mybatisplus.exceptions.MybatisPlusException: Error: GlobalConfigUtils setMetaData Fail !  Cause:com.mysql.jdbc.exceptions.jdbc4.MySQLNonTransientConnectionException: Could not create connection to database server. Attempted reconnect 3 times. Giving up.
	at com.baomidou.mybatisplus.toolkit.GlobalConfigUtils.setMetaData(GlobalConfigUtils.java:196) ~[mybatis-plus-support-2.1.8.jar:na]
	at com.baomidou.mybatisplus.spring.MybatisSqlSessionFactoryBean.buildSqlSessionFactory(MybatisSqlSessionFactoryBean.java:560) ~[mybatis-plus-core-2.1.8.jar:na]
	at com.baomidou.mybatisplus.spring.MybatisSqlSessionFactoryBean.afterPropertiesSet(MybatisSqlSessionFactoryBean.java:385) ~[mybatis-plus-core-2.1.8.jar:na]
	at com.baomidou.mybatisplus.spring.MybatisSqlSessionFactoryBean.getObject(MybatisSqlSessionFactoryBean.java:608) ~[mybatis-plus-core-2.1.8.jar:na]
	at com.baomidou.mybatisplus.spring.boot.starter.MybatisPlusAutoConfiguration.sqlSessionFactory(MybatisPlusAutoConfiguration.java:147) ~[mybatisplus-spring-boot-starter-1.0.5.jar:na]
	at com.baomidou.mybatisplus.spring.boot.starter.MybatisPlusAutoConfiguration$$EnhancerBySpringCGLIB$$481e2ab7.CGLIB$sqlSessionFactory$1(<generated>) ~[mybatisplus-spring-boot-starter-1.0.5.jar:na]
	at com.baomidou.mybatisplus.spring.boot.starter.MybatisPlusAutoConfiguration$$EnhancerBySpringCGLIB$$481e2ab7$$FastClassBySpringCGLIB$$ffbac9dd.invoke(<generated>) ~[mybatisplus-spring-boot-starter-1.0.5.jar:na]
	at org.springframework.cglib.proxy.MethodProxy.invokeSuper(MethodProxy.java:228) ~[spring-core-4.3.13.RELEASE.jar:4.3.13.RELEASE]
	at org.springframework.context.annotation.ConfigurationClassEnhancer$BeanMethodInterceptor.intercept(ConfigurationClassEnhancer.java:358) ~[spring-context-4.3.13.RELEASE.jar:4.3.13.RELEASE]
	at com.baomidou.mybatisplus.spring.boot.starter.MybatisPlusAutoConfiguration$$EnhancerBySpringCGLIB$$481e2ab7.sqlSessionFactory(<generated>) ~[mybatisplus-spring-boot-starter-1.0.5.jar:na]
	at sun.reflect.NativeMethodAccessorImpl.invoke0(Native Method) ~[na:1.8.0_121]
	at sun.reflect.NativeMethodAccessorImpl.invoke(NativeMethodAccessorImpl.java:62) ~[na:1.8.0_121]
	at sun.reflect.DelegatingMethodAccessorImpl.invoke(DelegatingMethodAccessorImpl.java:43) ~[na:1.8.0_121]
	at java.lang.reflect.Method.invoke(Method.java:498) ~[na:1.8.0_121]
	at org.springframework.beans.factory.support.SimpleInstantiationStrategy.instantiate(SimpleInstantiationStrategy.java:162) ~[spring-beans-4.3.13.RELEASE.jar:4.3.13.RELEASE]
	... 43 common frames omitted

2018-02-11 22:04:11.569  INFO 27828 --- [main] c.s.guns.rest.GunsRestApplication        : Starting GunsRestApplication on Lenovo-PC with PID 27828 (D:\Java\IdeaProjects\ForGraduation\guns\guns-rest\target\classes started by lenovo in D:\Java\IdeaProjects\ForGraduation\guns\guns-parent)
2018-02-11 22:04:11.572 DEBUG 27828 --- [main] c.s.guns.rest.GunsRestApplication        : Running with Spring Boot v1.5.9.RELEASE, Spring v4.3.13.RELEASE
2018-02-11 22:04:11.572  INFO 27828 --- [main] c.s.guns.rest.GunsRestApplication        : No active profile set, falling back to default profiles: default
2018-02-11 22:04:11.608  INFO 27828 --- [main] ationConfigEmbeddedWebApplicationContext : Refreshing org.springframework.boot.context.embedded.AnnotationConfigEmbeddedWebApplicationContext@dbf57b3: startup date [Sun Feb 11 22:04:11 CST 2018]; root of context hierarchy
2018-02-11 22:04:13.047  INFO 27828 --- [main] s.b.c.e.t.TomcatEmbeddedServletContainer : Tomcat initialized with port(s): 80 (http)
2018-02-11 22:04:13.057  INFO 27828 --- [main] o.apache.catalina.core.StandardService   : Starting service [Tomcat]
2018-02-11 22:04:13.058  INFO 27828 --- [main] org.apache.catalina.core.StandardEngine  : Starting Servlet Engine: Apache Tomcat/8.5.23
2018-02-11 22:04:13.919  INFO 27828 --- [localhost-startStop-1] o.a.c.c.C.[Tomcat].[localhost].[/]       : Initializing Spring embedded WebApplicationContext
2018-02-11 22:04:13.919  INFO 27828 --- [localhost-startStop-1] o.s.web.context.ContextLoader            : Root WebApplicationContext: initialization completed in 2314 ms
2018-02-11 22:04:14.209  INFO 27828 --- [localhost-startStop-1] o.s.b.w.servlet.ServletRegistrationBean  : Mapping servlet: 'dispatcherServlet' to [/]
2018-02-11 22:04:14.213  INFO 27828 --- [localhost-startStop-1] o.s.b.w.servlet.FilterRegistrationBean   : Mapping filter: 'characterEncodingFilter' to: [/*]
2018-02-11 22:04:14.213  INFO 27828 --- [localhost-startStop-1] o.s.b.w.servlet.FilterRegistrationBean   : Mapping filter: 'hiddenHttpMethodFilter' to: [/*]
2018-02-11 22:04:14.213  INFO 27828 --- [localhost-startStop-1] o.s.b.w.servlet.FilterRegistrationBean   : Mapping filter: 'httpPutFormContentFilter' to: [/*]
2018-02-11 22:04:14.214  INFO 27828 --- [localhost-startStop-1] o.s.b.w.servlet.FilterRegistrationBean   : Mapping filter: 'requestContextFilter' to: [/*]
2018-02-11 22:04:14.214  INFO 27828 --- [localhost-startStop-1] o.s.b.w.servlet.FilterRegistrationBean   : Mapping filter: 'jwtAuthenticationTokenFilter' to: [/*]
2018-02-11 22:04:14.230 DEBUG 27828 --- [localhost-startStop-1] c.s.g.r.modular.auth.filter.AuthFilter   : Initializing filter 'jwtAuthenticationTokenFilter'
2018-02-11 22:04:14.230 DEBUG 27828 --- [localhost-startStop-1] c.s.g.r.modular.auth.filter.AuthFilter   : Filter 'jwtAuthenticationTokenFilter' configured successfully
2018-02-11 22:04:18.813 ERROR 27828 --- [main] o.a.tomcat.jdbc.pool.ConnectionPool      : Unable to create initial connections of pool.

com.mysql.jdbc.exceptions.jdbc4.MySQLNonTransientConnectionException: Could not create connection to database server. Attempted reconnect 3 times. Giving up.
	at sun.reflect.NativeConstructorAccessorImpl.newInstance0(Native Method) ~[na:1.8.0_121]
	at sun.reflect.NativeConstructorAccessorImpl.newInstance(NativeConstructorAccessorImpl.java:62) ~[na:1.8.0_121]
	at sun.reflect.DelegatingConstructorAccessorImpl.newInstance(DelegatingConstructorAccessorImpl.java:45) ~[na:1.8.0_121]
	at java.lang.reflect.Constructor.newInstance(Constructor.java:423) ~[na:1.8.0_121]
	at com.mysql.jdbc.Util.handleNewInstance(Util.java:425) ~[mysql-connector-java-5.1.42-bin.jar:5.1.42]
	at com.mysql.jdbc.Util.getInstance(Util.java:408) ~[mysql-connector-java-5.1.42-bin.jar:5.1.42]
	at com.mysql.jdbc.SQLError.createSQLException(SQLError.java:918) ~[mysql-connector-java-5.1.42-bin.jar:5.1.42]
	at com.mysql.jdbc.SQLError.createSQLException(SQLError.java:897) ~[mysql-connector-java-5.1.42-bin.jar:5.1.42]
	at com.mysql.jdbc.SQLError.createSQLException(SQLError.java:886) ~[mysql-connector-java-5.1.42-bin.jar:5.1.42]
	at com.mysql.jdbc.SQLError.createSQLException(SQLError.java:860) ~[mysql-connector-java-5.1.42-bin.jar:5.1.42]
	at com.mysql.jdbc.ConnectionImpl.connectWithRetries(ConnectionImpl.java:2104) ~[mysql-connector-java-5.1.42-bin.jar:5.1.42]
	at com.mysql.jdbc.ConnectionImpl.createNewIO(ConnectionImpl.java:2029) ~[mysql-connector-java-5.1.42-bin.jar:5.1.42]
	at com.mysql.jdbc.ConnectionImpl.<init>(ConnectionImpl.java:779) ~[mysql-connector-java-5.1.42-bin.jar:5.1.42]
	at com.mysql.jdbc.JDBC4Connection.<init>(JDBC4Connection.java:47) ~[mysql-connector-java-5.1.42-bin.jar:5.1.42]
	at sun.reflect.NativeConstructorAccessorImpl.newInstance0(Native Method) ~[na:1.8.0_121]
	at sun.reflect.NativeConstructorAccessorImpl.newInstance(NativeConstructorAccessorImpl.java:62) ~[na:1.8.0_121]
	at sun.reflect.DelegatingConstructorAccessorImpl.newInstance(DelegatingConstructorAccessorImpl.java:45) ~[na:1.8.0_121]
	at java.lang.reflect.Constructor.newInstance(Constructor.java:423) ~[na:1.8.0_121]
	at com.mysql.jdbc.Util.handleNewInstance(Util.java:425) ~[mysql-connector-java-5.1.42-bin.jar:5.1.42]
	at com.mysql.jdbc.ConnectionImpl.getInstance(ConnectionImpl.java:389) ~[mysql-connector-java-5.1.42-bin.jar:5.1.42]
	at com.mysql.jdbc.NonRegisteringDriver.connect(NonRegisteringDriver.java:330) ~[mysql-connector-java-5.1.42-bin.jar:5.1.42]
	at org.apache.tomcat.jdbc.pool.PooledConnection.connectUsingDriver(PooledConnection.java:310) ~[tomcat-jdbc-8.5.23.jar:na]
	at org.apache.tomcat.jdbc.pool.PooledConnection.connect(PooledConnection.java:203) ~[tomcat-jdbc-8.5.23.jar:na]
	at org.apache.tomcat.jdbc.pool.ConnectionPool.createConnection(ConnectionPool.java:735) [tomcat-jdbc-8.5.23.jar:na]
	at org.apache.tomcat.jdbc.pool.ConnectionPool.borrowConnection(ConnectionPool.java:667) [tomcat-jdbc-8.5.23.jar:na]
	at org.apache.tomcat.jdbc.pool.ConnectionPool.init(ConnectionPool.java:482) [tomcat-jdbc-8.5.23.jar:na]
	at org.apache.tomcat.jdbc.pool.ConnectionPool.<init>(ConnectionPool.java:154) [tomcat-jdbc-8.5.23.jar:na]
	at org.apache.tomcat.jdbc.pool.DataSourceProxy.pCreatePool(DataSourceProxy.java:118) [tomcat-jdbc-8.5.23.jar:na]
	at org.apache.tomcat.jdbc.pool.DataSourceProxy.createPool(DataSourceProxy.java:107) [tomcat-jdbc-8.5.23.jar:na]
	at org.apache.tomcat.jdbc.pool.DataSourceProxy.getConnection(DataSourceProxy.java:131) [tomcat-jdbc-8.5.23.jar:na]
	at com.baomidou.mybatisplus.toolkit.GlobalConfigUtils.setMetaData(GlobalConfigUtils.java:187) [mybatis-plus-support-2.1.8.jar:na]
	at com.baomidou.mybatisplus.spring.MybatisSqlSessionFactoryBean.buildSqlSessionFactory(MybatisSqlSessionFactoryBean.java:560) [mybatis-plus-core-2.1.8.jar:na]
	at com.baomidou.mybatisplus.spring.MybatisSqlSessionFactoryBean.afterPropertiesSet(MybatisSqlSessionFactoryBean.java:385) [mybatis-plus-core-2.1.8.jar:na]
	at com.baomidou.mybatisplus.spring.MybatisSqlSessionFactoryBean.getObject(MybatisSqlSessionFactoryBean.java:608) [mybatis-plus-core-2.1.8.jar:na]
	at com.baomidou.mybatisplus.spring.boot.starter.MybatisPlusAutoConfiguration.sqlSessionFactory(MybatisPlusAutoConfiguration.java:147) [mybatisplus-spring-boot-starter-1.0.5.jar:na]
	at com.baomidou.mybatisplus.spring.boot.starter.MybatisPlusAutoConfiguration$$EnhancerBySpringCGLIB$$ddcb70a6.CGLIB$sqlSessionFactory$1(<generated>) [mybatisplus-spring-boot-starter-1.0.5.jar:na]
	at com.baomidou.mybatisplus.spring.boot.starter.MybatisPlusAutoConfiguration$$EnhancerBySpringCGLIB$$ddcb70a6$$FastClassBySpringCGLIB$$e6aef92e.invoke(<generated>) [mybatisplus-spring-boot-starter-1.0.5.jar:na]
	at org.springframework.cglib.proxy.MethodProxy.invokeSuper(MethodProxy.java:228) [spring-core-4.3.13.RELEASE.jar:4.3.13.RELEASE]
	at org.springframework.context.annotation.ConfigurationClassEnhancer$BeanMethodInterceptor.intercept(ConfigurationClassEnhancer.java:358) [spring-context-4.3.13.RELEASE.jar:4.3.13.RELEASE]
	at com.baomidou.mybatisplus.spring.boot.starter.MybatisPlusAutoConfiguration$$EnhancerBySpringCGLIB$$ddcb70a6.sqlSessionFactory(<generated>) [mybatisplus-spring-boot-starter-1.0.5.jar:na]
	at sun.reflect.NativeMethodAccessorImpl.invoke0(Native Method) ~[na:1.8.0_121]
	at sun.reflect.NativeMethodAccessorImpl.invoke(NativeMethodAccessorImpl.java:62) ~[na:1.8.0_121]
	at sun.reflect.DelegatingMethodAccessorImpl.invoke(DelegatingMethodAccessorImpl.java:43) ~[na:1.8.0_121]
	at java.lang.reflect.Method.invoke(Method.java:498) ~[na:1.8.0_121]
	at org.springframework.beans.factory.support.SimpleInstantiationStrategy.instantiate(SimpleInstantiationStrategy.java:162) [spring-beans-4.3.13.RELEASE.jar:4.3.13.RELEASE]
	at org.springframework.beans.factory.support.ConstructorResolver.instantiateUsingFactoryMethod(ConstructorResolver.java:588) [spring-beans-4.3.13.RELEASE.jar:4.3.13.RELEASE]
	at org.springframework.beans.factory.support.AbstractAutowireCapableBeanFactory.instantiateUsingFactoryMethod(AbstractAutowireCapableBeanFactory.java:1173) [spring-beans-4.3.13.RELEASE.jar:4.3.13.RELEASE]
	at org.springframework.beans.factory.support.AbstractAutowireCapableBeanFactory.createBeanInstance(AbstractAutowireCapableBeanFactory.java:1067) [spring-beans-4.3.13.RELEASE.jar:4.3.13.RELEASE]
	at org.springframework.beans.factory.support.AbstractAutowireCapableBeanFactory.doCreateBean(AbstractAutowireCapableBeanFactory.java:513) [spring-beans-4.3.13.RELEASE.jar:4.3.13.RELEASE]
	at org.springframework.beans.factory.support.AbstractAutowireCapableBeanFactory.createBean(AbstractAutowireCapableBeanFactory.java:483) [spring-beans-4.3.13.RELEASE.jar:4.3.13.RELEASE]
	at org.springframework.beans.factory.support.AbstractBeanFactory$1.getObject(AbstractBeanFactory.java:306) [spring-beans-4.3.13.RELEASE.jar:4.3.13.RELEASE]
	at org.springframework.beans.factory.support.DefaultSingletonBeanRegistry.getSingleton(DefaultSingletonBeanRegistry.java:230) [spring-beans-4.3.13.RELEASE.jar:4.3.13.RELEASE]
	at org.springframework.beans.factory.support.AbstractBeanFactory.doGetBean(AbstractBeanFactory.java:302) [spring-beans-4.3.13.RELEASE.jar:4.3.13.RELEASE]
	at org.springframework.beans.factory.support.AbstractBeanFactory.getBean(AbstractBeanFactory.java:202) [spring-beans-4.3.13.RELEASE.jar:4.3.13.RELEASE]
	at org.springframework.beans.factory.config.DependencyDescriptor.resolveCandidate(DependencyDescriptor.java:208) [spring-beans-4.3.13.RELEASE.jar:4.3.13.RELEASE]
	at org.springframework.beans.factory.support.DefaultListableBeanFactory.doResolveDependency(DefaultListableBeanFactory.java:1138) [spring-beans-4.3.13.RELEASE.jar:4.3.13.RELEASE]
	at org.springframework.beans.factory.support.DefaultListableBeanFactory.resolveDependency(DefaultListableBeanFactory.java:1066) [spring-beans-4.3.13.RELEASE.jar:4.3.13.RELEASE]
	at org.springframework.beans.factory.support.AbstractAutowireCapableBeanFactory.autowireByType(AbstractAutowireCapableBeanFactory.java:1342) [spring-beans-4.3.13.RELEASE.jar:4.3.13.RELEASE]
	at org.springframework.beans.factory.support.AbstractAutowireCapableBeanFactory.populateBean(AbstractAutowireCapableBeanFactory.java:1249) [spring-beans-4.3.13.RELEASE.jar:4.3.13.RELEASE]
	at org.springframework.beans.factory.support.AbstractAutowireCapableBeanFactory.doCreateBean(AbstractAutowireCapableBeanFactory.java:553) [spring-beans-4.3.13.RELEASE.jar:4.3.13.RELEASE]
	at org.springframework.beans.factory.support.AbstractAutowireCapableBeanFactory.createBean(AbstractAutowireCapableBeanFactory.java:483) [spring-beans-4.3.13.RELEASE.jar:4.3.13.RELEASE]
	at org.springframework.beans.factory.support.AbstractBeanFactory$1.getObject(AbstractBeanFactory.java:306) [spring-beans-4.3.13.RELEASE.jar:4.3.13.RELEASE]
	at org.springframework.beans.factory.support.DefaultSingletonBeanRegistry.getSingleton(DefaultSingletonBeanRegistry.java:230) [spring-beans-4.3.13.RELEASE.jar:4.3.13.RELEASE]
	at org.springframework.beans.factory.support.AbstractBeanFactory.doGetBean(AbstractBeanFactory.java:302) [spring-beans-4.3.13.RELEASE.jar:4.3.13.RELEASE]
	at org.springframework.beans.factory.support.AbstractBeanFactory.getBean(AbstractBeanFactory.java:202) [spring-beans-4.3.13.RELEASE.jar:4.3.13.RELEASE]
	at org.springframework.beans.factory.config.DependencyDescriptor.resolveCandidate(DependencyDescriptor.java:208) [spring-beans-4.3.13.RELEASE.jar:4.3.13.RELEASE]
	at org.springframework.beans.factory.support.DefaultListableBeanFactory.doResolveDependency(DefaultListableBeanFactory.java:1138) [spring-beans-4.3.13.RELEASE.jar:4.3.13.RELEASE]
	at org.springframework.beans.factory.support.DefaultListableBeanFactory.resolveDependency(DefaultListableBeanFactory.java:1066) [spring-beans-4.3.13.RELEASE.jar:4.3.13.RELEASE]
	at org.springframework.beans.factory.annotation.AutowiredAnnotationBeanPostProcessor$AutowiredFieldElement.inject(AutowiredAnnotationBeanPostProcessor.java:585) [spring-beans-4.3.13.RELEASE.jar:4.3.13.RELEASE]
	at org.springframework.beans.factory.annotation.InjectionMetadata.inject(InjectionMetadata.java:88) [spring-beans-4.3.13.RELEASE.jar:4.3.13.RELEASE]
	at org.springframework.beans.factory.annotation.AutowiredAnnotationBeanPostProcessor.postProcessPropertyValues(AutowiredAnnotationBeanPostProcessor.java:366) [spring-beans-4.3.13.RELEASE.jar:4.3.13.RELEASE]
	at org.springframework.beans.factory.support.AbstractAutowireCapableBeanFactory.populateBean(AbstractAutowireCapableBeanFactory.java:1264) [spring-beans-4.3.13.RELEASE.jar:4.3.13.RELEASE]
	at org.springframework.beans.factory.support.AbstractAutowireCapableBeanFactory.doCreateBean(AbstractAutowireCapableBeanFactory.java:553) [spring-beans-4.3.13.RELEASE.jar:4.3.13.RELEASE]
	at org.springframework.beans.factory.support.AbstractAutowireCapableBeanFactory.createBean(AbstractAutowireCapableBeanFactory.java:483) [spring-beans-4.3.13.RELEASE.jar:4.3.13.RELEASE]
	at org.springframework.beans.factory.support.AbstractBeanFactory$1.getObject(AbstractBeanFactory.java:306) [spring-beans-4.3.13.RELEASE.jar:4.3.13.RELEASE]
	at org.springframework.beans.factory.support.DefaultSingletonBeanRegistry.getSingleton(DefaultSingletonBeanRegistry.java:230) [spring-beans-4.3.13.RELEASE.jar:4.3.13.RELEASE]
	at org.springframework.beans.factory.support.AbstractBeanFactory.doGetBean(AbstractBeanFactory.java:302) [spring-beans-4.3.13.RELEASE.jar:4.3.13.RELEASE]
	at org.springframework.beans.factory.support.AbstractBeanFactory.getBean(AbstractBeanFactory.java:197) [spring-beans-4.3.13.RELEASE.jar:4.3.13.RELEASE]
	at org.springframework.beans.factory.support.DefaultListableBeanFactory.preInstantiateSingletons(DefaultListableBeanFactory.java:761) [spring-beans-4.3.13.RELEASE.jar:4.3.13.RELEASE]
	at org.springframework.context.support.AbstractApplicationContext.finishBeanFactoryInitialization(AbstractApplicationContext.java:867) [spring-context-4.3.13.RELEASE.jar:4.3.13.RELEASE]
	at org.springframework.context.support.AbstractApplicationContext.refresh(AbstractApplicationContext.java:543) [spring-context-4.3.13.RELEASE.jar:4.3.13.RELEASE]
	at org.springframework.boot.context.embedded.EmbeddedWebApplicationContext.refresh(EmbeddedWebApplicationContext.java:122) [spring-boot-1.5.9.RELEASE.jar:1.5.9.RELEASE]
	at org.springframework.boot.SpringApplication.refresh(SpringApplication.java:693) [spring-boot-1.5.9.RELEASE.jar:1.5.9.RELEASE]
	at org.springframework.boot.SpringApplication.refreshContext(SpringApplication.java:360) [spring-boot-1.5.9.RELEASE.jar:1.5.9.RELEASE]
	at org.springframework.boot.SpringApplication.run(SpringApplication.java:303) [spring-boot-1.5.9.RELEASE.jar:1.5.9.RELEASE]
	at org.springframework.boot.SpringApplication.run(SpringApplication.java:1118) [spring-boot-1.5.9.RELEASE.jar:1.5.9.RELEASE]
	at org.springframework.boot.SpringApplication.run(SpringApplication.java:1107) [spring-boot-1.5.9.RELEASE.jar:1.5.9.RELEASE]
	at com.stylefeng.guns.rest.GunsRestApplication.main(GunsRestApplication.java:10) [classes/:na]
Caused by: java.sql.SQLException: Access denied for user 'root'@'localhost' (using password: YES)
	at com.mysql.jdbc.SQLError.createSQLException(SQLError.java:964) ~[mysql-connector-java-5.1.42-bin.jar:5.1.42]
	at com.mysql.jdbc.MysqlIO.checkErrorPacket(MysqlIO.java:3973) ~[mysql-connector-java-5.1.42-bin.jar:5.1.42]
	at com.mysql.jdbc.MysqlIO.checkErrorPacket(MysqlIO.java:3909) ~[mysql-connector-java-5.1.42-bin.jar:5.1.42]
	at com.mysql.jdbc.MysqlIO.checkErrorPacket(MysqlIO.java:873) ~[mysql-connector-java-5.1.42-bin.jar:5.1.42]
	at com.mysql.jdbc.MysqlIO.proceedHandshakeWithPluggableAuthentication(MysqlIO.java:1710) ~[mysql-connector-java-5.1.42-bin.jar:5.1.42]
	at com.mysql.jdbc.MysqlIO.doHandshake(MysqlIO.java:1226) ~[mysql-connector-java-5.1.42-bin.jar:5.1.42]
	at com.mysql.jdbc.ConnectionImpl.coreConnect(ConnectionImpl.java:2194) ~[mysql-connector-java-5.1.42-bin.jar:5.1.42]
	at com.mysql.jdbc.ConnectionImpl.connectWithRetries(ConnectionImpl.java:2045) ~[mysql-connector-java-5.1.42-bin.jar:5.1.42]
	... 77 common frames omitted

2018-02-11 22:04:18.820  WARN 27828 --- [main] ationConfigEmbeddedWebApplicationContext : Exception encountered during context initialization - cancelling refresh attempt: org.springframework.beans.factory.UnsatisfiedDependencyException: Error creating bean with name 'dbValidator': Unsatisfied dependency expressed through field 'userMapper'; nested exception is org.springframework.beans.factory.UnsatisfiedDependencyException: Error creating bean with name 'userMapper' defined in file [D:\Java\IdeaProjects\ForGraduation\guns\guns-rest\target\classes\com\stylefeng\guns\rest\common\persistence\dao\UserMapper.class]: Unsatisfied dependency expressed through bean property 'sqlSessionFactory'; nested exception is org.springframework.beans.factory.BeanCreationException: Error creating bean with name 'sqlSessionFactory' defined in class path resource [com/baomidou/mybatisplus/spring/boot/starter/MybatisPlusAutoConfiguration.class]: Bean instantiation via factory method failed; nested exception is org.springframework.beans.BeanInstantiationException: Failed to instantiate [org.apache.ibatis.session.SqlSessionFactory]: Factory method 'sqlSessionFactory' threw exception; nested exception is com.baomidou.mybatisplus.exceptions.MybatisPlusException: Error: GlobalConfigUtils setMetaData Fail !  Cause:com.mysql.jdbc.exceptions.jdbc4.MySQLNonTransientConnectionException: Could not create connection to database server. Attempted reconnect 3 times. Giving up.
2018-02-11 22:04:18.822  INFO 27828 --- [main] o.apache.catalina.core.StandardService   : Stopping service [Tomcat]
2018-02-11 22:04:18.831  INFO 27828 --- [main] utoConfigurationReportLoggingInitializer : 

Error starting ApplicationContext. To display the auto-configuration report re-run your application with 'debug' enabled.
2018-02-11 22:04:18.836 ERROR 27828 --- [main] o.s.boot.SpringApplication               : Application startup failed

org.springframework.beans.factory.UnsatisfiedDependencyException: Error creating bean with name 'dbValidator': Unsatisfied dependency expressed through field 'userMapper'; nested exception is org.springframework.beans.factory.UnsatisfiedDependencyException: Error creating bean with name 'userMapper' defined in file [D:\Java\IdeaProjects\ForGraduation\guns\guns-rest\target\classes\com\stylefeng\guns\rest\common\persistence\dao\UserMapper.class]: Unsatisfied dependency expressed through bean property 'sqlSessionFactory'; nested exception is org.springframework.beans.factory.BeanCreationException: Error creating bean with name 'sqlSessionFactory' defined in class path resource [com/baomidou/mybatisplus/spring/boot/starter/MybatisPlusAutoConfiguration.class]: Bean instantiation via factory method failed; nested exception is org.springframework.beans.BeanInstantiationException: Failed to instantiate [org.apache.ibatis.session.SqlSessionFactory]: Factory method 'sqlSessionFactory' threw exception; nested exception is com.baomidou.mybatisplus.exceptions.MybatisPlusException: Error: GlobalConfigUtils setMetaData Fail !  Cause:com.mysql.jdbc.exceptions.jdbc4.MySQLNonTransientConnectionException: Could not create connection to database server. Attempted reconnect 3 times. Giving up.
	at org.springframework.beans.factory.annotation.AutowiredAnnotationBeanPostProcessor$AutowiredFieldElement.inject(AutowiredAnnotationBeanPostProcessor.java:588) ~[spring-beans-4.3.13.RELEASE.jar:4.3.13.RELEASE]
	at org.springframework.beans.factory.annotation.InjectionMetadata.inject(InjectionMetadata.java:88) ~[spring-beans-4.3.13.RELEASE.jar:4.3.13.RELEASE]
	at org.springframework.beans.factory.annotation.AutowiredAnnotationBeanPostProcessor.postProcessPropertyValues(AutowiredAnnotationBeanPostProcessor.java:366) ~[spring-beans-4.3.13.RELEASE.jar:4.3.13.RELEASE]
	at org.springframework.beans.factory.support.AbstractAutowireCapableBeanFactory.populateBean(AbstractAutowireCapableBeanFactory.java:1264) ~[spring-beans-4.3.13.RELEASE.jar:4.3.13.RELEASE]
	at org.springframework.beans.factory.support.AbstractAutowireCapableBeanFactory.doCreateBean(AbstractAutowireCapableBeanFactory.java:553) ~[spring-beans-4.3.13.RELEASE.jar:4.3.13.RELEASE]
	at org.springframework.beans.factory.support.AbstractAutowireCapableBeanFactory.createBean(AbstractAutowireCapableBeanFactory.java:483) ~[spring-beans-4.3.13.RELEASE.jar:4.3.13.RELEASE]
	at org.springframework.beans.factory.support.AbstractBeanFactory$1.getObject(AbstractBeanFactory.java:306) ~[spring-beans-4.3.13.RELEASE.jar:4.3.13.RELEASE]
	at org.springframework.beans.factory.support.DefaultSingletonBeanRegistry.getSingleton(DefaultSingletonBeanRegistry.java:230) ~[spring-beans-4.3.13.RELEASE.jar:4.3.13.RELEASE]
	at org.springframework.beans.factory.support.AbstractBeanFactory.doGetBean(AbstractBeanFactory.java:302) ~[spring-beans-4.3.13.RELEASE.jar:4.3.13.RELEASE]
	at org.springframework.beans.factory.support.AbstractBeanFactory.getBean(AbstractBeanFactory.java:197) ~[spring-beans-4.3.13.RELEASE.jar:4.3.13.RELEASE]
	at org.springframework.beans.factory.support.DefaultListableBeanFactory.preInstantiateSingletons(DefaultListableBeanFactory.java:761) ~[spring-beans-4.3.13.RELEASE.jar:4.3.13.RELEASE]
	at org.springframework.context.support.AbstractApplicationContext.finishBeanFactoryInitialization(AbstractApplicationContext.java:867) ~[spring-context-4.3.13.RELEASE.jar:4.3.13.RELEASE]
	at org.springframework.context.support.AbstractApplicationContext.refresh(AbstractApplicationContext.java:543) ~[spring-context-4.3.13.RELEASE.jar:4.3.13.RELEASE]
	at org.springframework.boot.context.embedded.EmbeddedWebApplicationContext.refresh(EmbeddedWebApplicationContext.java:122) ~[spring-boot-1.5.9.RELEASE.jar:1.5.9.RELEASE]
	at org.springframework.boot.SpringApplication.refresh(SpringApplication.java:693) [spring-boot-1.5.9.RELEASE.jar:1.5.9.RELEASE]
	at org.springframework.boot.SpringApplication.refreshContext(SpringApplication.java:360) [spring-boot-1.5.9.RELEASE.jar:1.5.9.RELEASE]
	at org.springframework.boot.SpringApplication.run(SpringApplication.java:303) [spring-boot-1.5.9.RELEASE.jar:1.5.9.RELEASE]
	at org.springframework.boot.SpringApplication.run(SpringApplication.java:1118) [spring-boot-1.5.9.RELEASE.jar:1.5.9.RELEASE]
	at org.springframework.boot.SpringApplication.run(SpringApplication.java:1107) [spring-boot-1.5.9.RELEASE.jar:1.5.9.RELEASE]
	at com.stylefeng.guns.rest.GunsRestApplication.main(GunsRestApplication.java:10) [classes/:na]
Caused by: org.springframework.beans.factory.UnsatisfiedDependencyException: Error creating bean with name 'userMapper' defined in file [D:\Java\IdeaProjects\ForGraduation\guns\guns-rest\target\classes\com\stylefeng\guns\rest\common\persistence\dao\UserMapper.class]: Unsatisfied dependency expressed through bean property 'sqlSessionFactory'; nested exception is org.springframework.beans.factory.BeanCreationException: Error creating bean with name 'sqlSessionFactory' defined in class path resource [com/baomidou/mybatisplus/spring/boot/starter/MybatisPlusAutoConfiguration.class]: Bean instantiation via factory method failed; nested exception is org.springframework.beans.BeanInstantiationException: Failed to instantiate [org.apache.ibatis.session.SqlSessionFactory]: Factory method 'sqlSessionFactory' threw exception; nested exception is com.baomidou.mybatisplus.exceptions.MybatisPlusException: Error: GlobalConfigUtils setMetaData Fail !  Cause:com.mysql.jdbc.exceptions.jdbc4.MySQLNonTransientConnectionException: Could not create connection to database server. Attempted reconnect 3 times. Giving up.
	at org.springframework.beans.factory.support.AbstractAutowireCapableBeanFactory.autowireByType(AbstractAutowireCapableBeanFactory.java:1357) ~[spring-beans-4.3.13.RELEASE.jar:4.3.13.RELEASE]
	at org.springframework.beans.factory.support.AbstractAutowireCapableBeanFactory.populateBean(AbstractAutowireCapableBeanFactory.java:1249) ~[spring-beans-4.3.13.RELEASE.jar:4.3.13.RELEASE]
	at org.springframework.beans.factory.support.AbstractAutowireCapableBeanFactory.doCreateBean(AbstractAutowireCapableBeanFactory.java:553) ~[spring-beans-4.3.13.RELEASE.jar:4.3.13.RELEASE]
	at org.springframework.beans.factory.support.AbstractAutowireCapableBeanFactory.createBean(AbstractAutowireCapableBeanFactory.java:483) ~[spring-beans-4.3.13.RELEASE.jar:4.3.13.RELEASE]
	at org.springframework.beans.factory.support.AbstractBeanFactory$1.getObject(AbstractBeanFactory.java:306) ~[spring-beans-4.3.13.RELEASE.jar:4.3.13.RELEASE]
	at org.springframework.beans.factory.support.DefaultSingletonBeanRegistry.getSingleton(DefaultSingletonBeanRegistry.java:230) ~[spring-beans-4.3.13.RELEASE.jar:4.3.13.RELEASE]
	at org.springframework.beans.factory.support.AbstractBeanFactory.doGetBean(AbstractBeanFactory.java:302) ~[spring-beans-4.3.13.RELEASE.jar:4.3.13.RELEASE]
	at org.springframework.beans.factory.support.AbstractBeanFactory.getBean(AbstractBeanFactory.java:202) ~[spring-beans-4.3.13.RELEASE.jar:4.3.13.RELEASE]
	at org.springframework.beans.factory.config.DependencyDescriptor.resolveCandidate(DependencyDescriptor.java:208) ~[spring-beans-4.3.13.RELEASE.jar:4.3.13.RELEASE]
	at org.springframework.beans.factory.support.DefaultListableBeanFactory.doResolveDependency(DefaultListableBeanFactory.java:1138) ~[spring-beans-4.3.13.RELEASE.jar:4.3.13.RELEASE]
	at org.springframework.beans.factory.support.DefaultListableBeanFactory.resolveDependency(DefaultListableBeanFactory.java:1066) ~[spring-beans-4.3.13.RELEASE.jar:4.3.13.RELEASE]
	at org.springframework.beans.factory.annotation.AutowiredAnnotationBeanPostProcessor$AutowiredFieldElement.inject(AutowiredAnnotationBeanPostProcessor.java:585) ~[spring-beans-4.3.13.RELEASE.jar:4.3.13.RELEASE]
	... 19 common frames omitted
Caused by: org.springframework.beans.factory.BeanCreationException: Error creating bean with name 'sqlSessionFactory' defined in class path resource [com/baomidou/mybatisplus/spring/boot/starter/MybatisPlusAutoConfiguration.class]: Bean instantiation via factory method failed; nested exception is org.springframework.beans.BeanInstantiationException: Failed to instantiate [org.apache.ibatis.session.SqlSessionFactory]: Factory method 'sqlSessionFactory' threw exception; nested exception is com.baomidou.mybatisplus.exceptions.MybatisPlusException: Error: GlobalConfigUtils setMetaData Fail !  Cause:com.mysql.jdbc.exceptions.jdbc4.MySQLNonTransientConnectionException: Could not create connection to database server. Attempted reconnect 3 times. Giving up.
	at org.springframework.beans.factory.support.ConstructorResolver.instantiateUsingFactoryMethod(ConstructorResolver.java:599) ~[spring-beans-4.3.13.RELEASE.jar:4.3.13.RELEASE]
	at org.springframework.beans.factory.support.AbstractAutowireCapableBeanFactory.instantiateUsingFactoryMethod(AbstractAutowireCapableBeanFactory.java:1173) ~[spring-beans-4.3.13.RELEASE.jar:4.3.13.RELEASE]
	at org.springframework.beans.factory.support.AbstractAutowireCapableBeanFactory.createBeanInstance(AbstractAutowireCapableBeanFactory.java:1067) ~[spring-beans-4.3.13.RELEASE.jar:4.3.13.RELEASE]
	at org.springframework.beans.factory.support.AbstractAutowireCapableBeanFactory.doCreateBean(AbstractAutowireCapableBeanFactory.java:513) ~[spring-beans-4.3.13.RELEASE.jar:4.3.13.RELEASE]
	at org.springframework.beans.factory.support.AbstractAutowireCapableBeanFactory.createBean(AbstractAutowireCapableBeanFactory.java:483) ~[spring-beans-4.3.13.RELEASE.jar:4.3.13.RELEASE]
	at org.springframework.beans.factory.support.AbstractBeanFactory$1.getObject(AbstractBeanFactory.java:306) ~[spring-beans-4.3.13.RELEASE.jar:4.3.13.RELEASE]
	at org.springframework.beans.factory.support.DefaultSingletonBeanRegistry.getSingleton(DefaultSingletonBeanRegistry.java:230) ~[spring-beans-4.3.13.RELEASE.jar:4.3.13.RELEASE]
	at org.springframework.beans.factory.support.AbstractBeanFactory.doGetBean(AbstractBeanFactory.java:302) ~[spring-beans-4.3.13.RELEASE.jar:4.3.13.RELEASE]
	at org.springframework.beans.factory.support.AbstractBeanFactory.getBean(AbstractBeanFactory.java:202) ~[spring-beans-4.3.13.RELEASE.jar:4.3.13.RELEASE]
	at org.springframework.beans.factory.config.DependencyDescriptor.resolveCandidate(DependencyDescriptor.java:208) ~[spring-beans-4.3.13.RELEASE.jar:4.3.13.RELEASE]
	at org.springframework.beans.factory.support.DefaultListableBeanFactory.doResolveDependency(DefaultListableBeanFactory.java:1138) ~[spring-beans-4.3.13.RELEASE.jar:4.3.13.RELEASE]
	at org.springframework.beans.factory.support.DefaultListableBeanFactory.resolveDependency(DefaultListableBeanFactory.java:1066) ~[spring-beans-4.3.13.RELEASE.jar:4.3.13.RELEASE]
	at org.springframework.beans.factory.support.AbstractAutowireCapableBeanFactory.autowireByType(AbstractAutowireCapableBeanFactory.java:1342) ~[spring-beans-4.3.13.RELEASE.jar:4.3.13.RELEASE]
	... 30 common frames omitted
Caused by: org.springframework.beans.BeanInstantiationException: Failed to instantiate [org.apache.ibatis.session.SqlSessionFactory]: Factory method 'sqlSessionFactory' threw exception; nested exception is com.baomidou.mybatisplus.exceptions.MybatisPlusException: Error: GlobalConfigUtils setMetaData Fail !  Cause:com.mysql.jdbc.exceptions.jdbc4.MySQLNonTransientConnectionException: Could not create connection to database server. Attempted reconnect 3 times. Giving up.
	at org.springframework.beans.factory.support.SimpleInstantiationStrategy.instantiate(SimpleInstantiationStrategy.java:189) ~[spring-beans-4.3.13.RELEASE.jar:4.3.13.RELEASE]
	at org.springframework.beans.factory.support.ConstructorResolver.instantiateUsingFactoryMethod(ConstructorResolver.java:588) ~[spring-beans-4.3.13.RELEASE.jar:4.3.13.RELEASE]
	... 42 common frames omitted
Caused by: com.baomidou.mybatisplus.exceptions.MybatisPlusException: Error: GlobalConfigUtils setMetaData Fail !  Cause:com.mysql.jdbc.exceptions.jdbc4.MySQLNonTransientConnectionException: Could not create connection to database server. Attempted reconnect 3 times. Giving up.
	at com.baomidou.mybatisplus.toolkit.GlobalConfigUtils.setMetaData(GlobalConfigUtils.java:196) ~[mybatis-plus-support-2.1.8.jar:na]
	at com.baomidou.mybatisplus.spring.MybatisSqlSessionFactoryBean.buildSqlSessionFactory(MybatisSqlSessionFactoryBean.java:560) ~[mybatis-plus-core-2.1.8.jar:na]
	at com.baomidou.mybatisplus.spring.MybatisSqlSessionFactoryBean.afterPropertiesSet(MybatisSqlSessionFactoryBean.java:385) ~[mybatis-plus-core-2.1.8.jar:na]
	at com.baomidou.mybatisplus.spring.MybatisSqlSessionFactoryBean.getObject(MybatisSqlSessionFactoryBean.java:608) ~[mybatis-plus-core-2.1.8.jar:na]
	at com.baomidou.mybatisplus.spring.boot.starter.MybatisPlusAutoConfiguration.sqlSessionFactory(MybatisPlusAutoConfiguration.java:147) ~[mybatisplus-spring-boot-starter-1.0.5.jar:na]
	at com.baomidou.mybatisplus.spring.boot.starter.MybatisPlusAutoConfiguration$$EnhancerBySpringCGLIB$$ddcb70a6.CGLIB$sqlSessionFactory$1(<generated>) ~[mybatisplus-spring-boot-starter-1.0.5.jar:na]
	at com.baomidou.mybatisplus.spring.boot.starter.MybatisPlusAutoConfiguration$$EnhancerBySpringCGLIB$$ddcb70a6$$FastClassBySpringCGLIB$$e6aef92e.invoke(<generated>) ~[mybatisplus-spring-boot-starter-1.0.5.jar:na]
	at org.springframework.cglib.proxy.MethodProxy.invokeSuper(MethodProxy.java:228) ~[spring-core-4.3.13.RELEASE.jar:4.3.13.RELEASE]
	at org.springframework.context.annotation.ConfigurationClassEnhancer$BeanMethodInterceptor.intercept(ConfigurationClassEnhancer.java:358) ~[spring-context-4.3.13.RELEASE.jar:4.3.13.RELEASE]
	at com.baomidou.mybatisplus.spring.boot.starter.MybatisPlusAutoConfiguration$$EnhancerBySpringCGLIB$$ddcb70a6.sqlSessionFactory(<generated>) ~[mybatisplus-spring-boot-starter-1.0.5.jar:na]
	at sun.reflect.NativeMethodAccessorImpl.invoke0(Native Method) ~[na:1.8.0_121]
	at sun.reflect.NativeMethodAccessorImpl.invoke(NativeMethodAccessorImpl.java:62) ~[na:1.8.0_121]
	at sun.reflect.DelegatingMethodAccessorImpl.invoke(DelegatingMethodAccessorImpl.java:43) ~[na:1.8.0_121]
	at java.lang.reflect.Method.invoke(Method.java:498) ~[na:1.8.0_121]
	at org.springframework.beans.factory.support.SimpleInstantiationStrategy.instantiate(SimpleInstantiationStrategy.java:162) ~[spring-beans-4.3.13.RELEASE.jar:4.3.13.RELEASE]
	... 43 common frames omitted

