2018-02-12 16:18:17,340 - Log4JLogChute initialized using file 'velocity.log'
2018-02-12 16:18:17,366 - Initializing Velocity, Calling init()...
2018-02-12 16:18:17,367 - Starting Apache Velocity v1.7 (compiled: 2010-11-19 12:14:37)
2018-02-12 16:18:17,367 - Default Properties File: org\apache\velocity\runtime\defaults\velocity.properties
2018-02-12 16:18:17,367 - Trying to use logger class org.apache.velocity.runtime.log.AvalonLogChute
2018-02-12 16:18:17,367 - Target log system for org.apache.velocity.runtime.log.AvalonLogChute is not available (java.lang.NoClassDefFoundError: org/apache/log/Priority).  Falling back to next log system...
2018-02-12 16:18:17,367 - Trying to use logger class org.apache.velocity.runtime.log.Log4JLogChute
2018-02-12 16:18:17,368 - Using logger class org.apache.velocity.runtime.log.Log4JLogChute
2018-02-12 16:18:17,397 - ResourceLoader instantiated: org.apache.velocity.runtime.resource.loader.ClasspathResourceLoader
2018-02-12 16:18:17,520 - ResourceCache: initialized (class org.apache.velocity.runtime.resource.ResourceCacheImpl) with class java.util.Collections$SynchronizedMap cache map.
2018-02-12 16:18:17,525 - Loaded System Directive: org.apache.velocity.runtime.directive.Stop
2018-02-12 16:18:17,527 - Loaded System Directive: org.apache.velocity.runtime.directive.Define
2018-02-12 16:18:17,544 - Loaded System Directive: org.apache.velocity.runtime.directive.Break
2018-02-12 16:18:17,546 - Loaded System Directive: org.apache.velocity.runtime.directive.Evaluate
2018-02-12 16:18:17,548 - Loaded System Directive: org.apache.velocity.runtime.directive.Literal
2018-02-12 16:18:17,549 - Loaded System Directive: org.apache.velocity.runtime.directive.Macro
2018-02-12 16:18:17,551 - Loaded System Directive: org.apache.velocity.runtime.directive.Parse
2018-02-12 16:18:17,552 - Loaded System Directive: org.apache.velocity.runtime.directive.Include
2018-02-12 16:18:17,554 - Loaded System Directive: org.apache.velocity.runtime.directive.Foreach
2018-02-12 16:18:17,648 - Created '20' parsers.
2018-02-12 16:18:17,657 - Velocimacro : "velocimacro.library" is not set.  Trying default library: VM_global_library.vm
2018-02-12 16:18:17,690 - Could not load resource 'VM_global_library.vm' from ResourceLoader org.apache.velocity.runtime.resource.loader.ClasspathResourceLoader: ClasspathResourceLoader Error: cannot find resource VM_global_library.vm
2018-02-12 16:18:17,690 - Velocimacro : Default library not found.
2018-02-12 16:18:17,690 - Velocimacro : allowInline = true : VMs can be defined inline in templates
2018-02-12 16:18:17,690 - Velocimacro : allowInlineToOverride = false : VMs defined inline may NOT replace previous VM definitions
2018-02-12 16:18:17,690 - Velocimacro : allowInlineLocal = false : VMs defined inline will be global in scope if allowed.
2018-02-12 16:18:17,690 - Velocimacro : autoload off : VM system will not automatically reload global library macros
2018-02-12 16:18:17,737 - ResourceManager : found /templates/entity.java.vm with loader org.apache.velocity.runtime.resource.loader.ClasspathResourceLoader
2018-02-12 16:18:17,779 - Left side (${versionFieldName}) of '==' operation has null value. If it is a reference, it may not be in the context or its toString() returned null. /templates/entity.java.vm[line 76, column 26]
2018-02-12 16:18:17,779 - Left side (${logicDeleteFieldName}) of '==' operation has null value. If it is a reference, it may not be in the context or its toString() returned null. /templates/entity.java.vm[line 80, column 30]
2018-02-12 16:18:17,780 - Left side (${versionFieldName}) of '==' operation has null value. If it is a reference, it may not be in the context or its toString() returned null. /templates/entity.java.vm[line 76, column 26]
2018-02-12 16:18:17,780 - Left side (${logicDeleteFieldName}) of '==' operation has null value. If it is a reference, it may not be in the context or its toString() returned null. /templates/entity.java.vm[line 80, column 30]
2018-02-12 16:18:17,780 - Left side (${versionFieldName}) of '==' operation has null value. If it is a reference, it may not be in the context or its toString() returned null. /templates/entity.java.vm[line 76, column 26]
2018-02-12 16:18:17,780 - Left side (${logicDeleteFieldName}) of '==' operation has null value. If it is a reference, it may not be in the context or its toString() returned null. /templates/entity.java.vm[line 80, column 30]
2018-02-12 16:18:17,780 - Left side (${versionFieldName}) of '==' operation has null value. If it is a reference, it may not be in the context or its toString() returned null. /templates/entity.java.vm[line 76, column 26]
2018-02-12 16:18:17,780 - Left side (${logicDeleteFieldName}) of '==' operation has null value. If it is a reference, it may not be in the context or its toString() returned null. /templates/entity.java.vm[line 80, column 30]
2018-02-12 16:18:17,781 - Left side (${versionFieldName}) of '==' operation has null value. If it is a reference, it may not be in the context or its toString() returned null. /templates/entity.java.vm[line 76, column 26]
2018-02-12 16:18:17,781 - Left side (${logicDeleteFieldName}) of '==' operation has null value. If it is a reference, it may not be in the context or its toString() returned null. /templates/entity.java.vm[line 80, column 30]
2018-02-12 16:18:17,822 - ResourceManager : found /templates/mapper.java.vm with loader org.apache.velocity.runtime.resource.loader.ClasspathResourceLoader
2018-02-12 16:18:17,853 - ResourceManager : found /templates/mapper.xml.vm with loader org.apache.velocity.runtime.resource.loader.ClasspathResourceLoader
2018-02-12 16:18:17,864 - ResourceManager : found /templates/service.java.vm with loader org.apache.velocity.runtime.resource.loader.ClasspathResourceLoader
2018-02-12 16:18:17,870 - ResourceManager : found /templates/serviceImpl.java.vm with loader org.apache.velocity.runtime.resource.loader.ClasspathResourceLoader
2018-02-12 16:18:17,875 - ResourceManager : found /templates/controller.java.vm with loader org.apache.velocity.runtime.resource.loader.ClasspathResourceLoader
